
2017-04-28 17:48:53 INFO  LogLog4j:67 - Waiting for home page (time 50)
2017-04-28 17:48:54 INFO  LogLog4j:35 - ----Test: positiveApplicationLoadingTest
2017-04-28 17:48:54 INFO  LogLog4j:74 - Verification: Is on Home Page (originFields, destinationField and SearchButton elements exist)
2017-04-28 19:15:27 INFO  LogLog4j:73 - Waiting for home page (time 50)
2017-04-28 19:15:28 INFO  LogLog4j:42 - ----Test: positiveSearchTrainsForInterval
2017-04-28 19:15:28 INFO  LogLog4j:61 - Choosing Origin Station: AFULA
2017-04-28 19:15:35 INFO  LogLog4j:73 - Waiting for home page (time 50)
2017-04-28 19:15:35 INFO  LogLog4j:42 - ----Test: positiveSearchTrainsForInterval
2017-04-28 19:15:35 INFO  LogLog4j:61 - Choosing Origin Station: AFULA
2017-04-28 19:15:41 INFO  LogLog4j:73 - Waiting for home page (time 50)
2017-04-28 19:15:42 INFO  LogLog4j:42 - ----Test: positiveSearchTrainsForInterval
2017-04-28 19:15:42 INFO  LogLog4j:61 - Choosing Origin Station: Dimona
2017-04-28 19:38:58 INFO  LogLog4j:73 - Waiting for home page (time 50)
2017-04-28 19:38:59 INFO  LogLog4j:42 - ----Test: positiveSearchTrainsForInterval
2017-04-28 19:38:59 INFO  LogLog4j:61 - Choosing Origin Station: AFULA
2017-04-28 19:39:06 INFO  LogLog4j:73 - Waiting for home page (time 50)
2017-04-28 19:39:06 INFO  LogLog4j:42 - ----Test: positiveSearchTrainsForInterval
2017-04-28 19:39:06 INFO  LogLog4j:61 - Choosing Origin Station: AFULA
2017-04-28 19:39:13 INFO  LogLog4j:73 - Waiting for home page (time 50)
2017-04-28 19:39:14 INFO  LogLog4j:42 - ----Test: positiveSearchTrainsForInterval
2017-04-28 19:39:14 INFO  LogLog4j:61 - Choosing Origin Station: Dimona
2017-04-28 19:45:34 INFO  LogLog4j:73 - Waiting for home page (time 50)
2017-04-28 19:45:35 INFO  LogLog4j:42 - ----Test: positiveSearchTrainsForInterval
2017-04-28 19:45:35 INFO  LogLog4j:61 - Choosing Origin Station: AFULA
2017-04-28 19:45:36 INFO  LogLog4j:73 - Waiting for home page (time 50)
2017-04-28 19:45:36 INFO  LogLog4j:67 - Choosing Destination Station: AKO
2017-04-28 19:45:42 INFO  LogLog4j:73 - Waiting for home page (time 50)
2017-04-28 19:45:43 INFO  LogLog4j:42 - ----Test: positiveSearchTrainsForInterval
2017-04-28 19:45:43 INFO  LogLog4j:61 - Choosing Origin Station: AFULA
2017-04-28 19:45:43 INFO  LogLog4j:73 - Waiting for home page (time 50)
2017-04-28 19:45:44 INFO  LogLog4j:67 - Choosing Destination Station: Netanya
2017-04-28 19:45:50 INFO  LogLog4j:73 - Waiting for home page (time 50)
2017-04-28 19:45:51 INFO  LogLog4j:42 - ----Test: positiveSearchTrainsForInterval
2017-04-28 19:45:51 INFO  LogLog4j:61 - Choosing Origin Station: Dimona
2017-04-28 19:45:52 INFO  LogLog4j:73 - Waiting for home page (time 50)
2017-04-28 19:45:52 INFO  LogLog4j:67 - Choosing Destination Station: Lod
2017-04-28 19:56:36 INFO  LogLog4j:79 - Waiting for home page (time 50)
2017-04-28 19:56:37 INFO  LogLog4j:42 - ----Test: positiveSearchTrainsForInterval
2017-04-28 19:56:37 INFO  LogLog4j:61 - Choosing Origin Station: AFULA
2017-04-28 19:56:38 INFO  LogLog4j:79 - Waiting for home page (time 50)
2017-04-28 19:56:38 INFO  LogLog4j:67 - Choosing Destination Station: AKO
2017-04-28 19:56:45 INFO  LogLog4j:79 - Waiting for home page (time 50)
2017-04-28 19:56:45 INFO  LogLog4j:42 - ----Test: positiveSearchTrainsForInterval
2017-04-28 19:56:45 INFO  LogLog4j:61 - Choosing Origin Station: AFULA
2017-04-28 19:56:46 INFO  LogLog4j:79 - Waiting for home page (time 50)
2017-04-28 19:56:46 INFO  LogLog4j:67 - Choosing Destination Station: Netanya
2017-04-28 19:56:53 INFO  LogLog4j:79 - Waiting for home page (time 50)
2017-04-28 19:56:53 INFO  LogLog4j:42 - ----Test: positiveSearchTrainsForInterval
2017-04-28 19:56:53 INFO  LogLog4j:61 - Choosing Origin Station: Dimona
2017-04-28 19:56:54 INFO  LogLog4j:79 - Waiting for home page (time 50)
2017-04-28 19:56:54 INFO  LogLog4j:67 - Choosing Destination Station: Lod
2017-04-28 19:59:35 INFO  LogLog4j:79 - Waiting for home page (time 50)
2017-04-28 19:59:36 INFO  LogLog4j:42 - ----Test: positiveSearchTrainsForInterval
2017-04-28 19:59:36 INFO  LogLog4j:61 - Choosing Origin Station: AFULA
2017-04-28 19:59:36 INFO  LogLog4j:79 - Waiting for home page (time 50)
2017-04-28 19:59:37 INFO  LogLog4j:67 - Choosing Destination Station: AKO
2017-04-28 19:59:43 INFO  LogLog4j:79 - Waiting for home page (time 50)
2017-04-28 19:59:44 INFO  LogLog4j:42 - ----Test: positiveSearchTrainsForInterval
2017-04-28 19:59:44 INFO  LogLog4j:61 - Choosing Origin Station: AFULA
2017-04-28 19:59:44 INFO  LogLog4j:79 - Waiting for home page (time 50)
2017-04-28 19:59:44 INFO  LogLog4j:67 - Choosing Destination Station: Netanya
2017-04-28 19:59:50 INFO  LogLog4j:79 - Waiting for home page (time 50)
2017-04-28 19:59:51 INFO  LogLog4j:42 - ----Test: positiveSearchTrainsForInterval
2017-04-28 19:59:51 INFO  LogLog4j:61 - Choosing Origin Station: Dimona
2017-04-28 19:59:52 INFO  LogLog4j:79 - Waiting for home page (time 50)
2017-04-28 19:59:52 INFO  LogLog4j:67 - Choosing Destination Station: Lod
2017-04-28 20:46:00 INFO  LogLog4j:82 - Waiting for home page (time 50)
2017-04-28 20:46:01 INFO  LogLog4j:42 - ----Test: positiveSearchTrainsForInterval
2017-04-28 20:46:01 INFO  LogLog4j:64 - Choosing Origin Station: AFULA
2017-04-28 20:46:02 INFO  LogLog4j:82 - Waiting for home page (time 50)
2017-04-28 20:46:02 INFO  LogLog4j:70 - Choosing Destination Station: AKO
2017-04-28 20:46:08 INFO  LogLog4j:82 - Waiting for home page (time 50)
2017-04-28 20:46:09 INFO  LogLog4j:42 - ----Test: positiveSearchTrainsForInterval
2017-04-28 20:46:09 INFO  LogLog4j:64 - Choosing Origin Station: AFULA
2017-04-28 20:46:09 INFO  LogLog4j:82 - Waiting for home page (time 50)
2017-04-28 20:46:09 INFO  LogLog4j:70 - Choosing Destination Station: Netanya
2017-04-28 20:46:10 INFO  LogLog4j:82 - Waiting for home page (time 50)
2017-04-28 20:46:11 INFO  LogLog4j:76 - Clicking on Search button
2017-04-28 20:46:20 INFO  LogLog4j:82 - Waiting for home page (time 50)
2017-04-28 20:48:01 INFO  LogLog4j:89 - Verification: Is on Home Page (originFields, destinationField and SearchButton elements exist)
2017-04-28 20:48:07 INFO  LogLog4j:82 - Waiting for home page (time 50)
2017-04-28 20:48:08 INFO  LogLog4j:42 - ----Test: positiveSearchTrainsForInterval
2017-04-28 20:48:08 INFO  LogLog4j:64 - Choosing Origin Station: Dimona
2017-04-28 20:48:08 INFO  LogLog4j:82 - Waiting for home page (time 50)
2017-04-28 20:48:09 INFO  LogLog4j:70 - Choosing Destination Station: Lod
2017-04-28 20:48:09 INFO  LogLog4j:82 - Waiting for home page (time 50)
2017-04-28 20:48:09 INFO  LogLog4j:76 - Clicking on Search button
2017-04-28 20:48:19 INFO  LogLog4j:82 - Waiting for home page (time 50)
2017-04-28 20:50:00 INFO  LogLog4j:89 - Verification: Is on Home Page (originFields, destinationField and SearchButton elements exist)
2017-04-28 21:03:27 INFO  LogLog4j:82 - Waiting for home page (time 50)
2017-04-28 21:03:28 INFO  LogLog4j:42 - ----Test: positiveSearchTrainsForInterval
2017-04-28 21:03:28 INFO  LogLog4j:64 - Choosing Origin Station: AFULA
2017-04-28 21:03:29 INFO  LogLog4j:82 - Waiting for home page (time 50)
2017-04-28 21:03:29 INFO  LogLog4j:70 - Choosing Destination Station: Ako
2017-04-28 21:03:30 INFO  LogLog4j:82 - Waiting for home page (time 50)
2017-04-28 21:03:30 INFO  LogLog4j:76 - Clicking on Search button
2017-04-28 21:03:41 INFO  LogLog4j:82 - Waiting for home page (time 50)
2017-04-28 21:05:21 INFO  LogLog4j:89 - Verification: Is on Home Page (originFields, destinationField and SearchButton elements exist)
2017-04-28 21:05:28 INFO  LogLog4j:82 - Waiting for home page (time 50)
2017-04-28 21:05:29 INFO  LogLog4j:42 - ----Test: positiveSearchTrainsForInterval
2017-04-28 21:05:29 INFO  LogLog4j:64 - Choosing Origin Station: AFULA
2017-04-28 21:05:30 INFO  LogLog4j:82 - Waiting for home page (time 50)
2017-04-28 21:05:30 INFO  LogLog4j:70 - Choosing Destination Station: Netanya
2017-04-28 21:05:31 INFO  LogLog4j:82 - Waiting for home page (time 50)
2017-04-28 21:05:31 INFO  LogLog4j:76 - Clicking on Search button
2017-04-28 21:05:40 INFO  LogLog4j:82 - Waiting for home page (time 50)
2017-04-28 21:07:21 INFO  LogLog4j:89 - Verification: Is on Home Page (originFields, destinationField and SearchButton elements exist)
2017-04-28 21:07:28 INFO  LogLog4j:82 - Waiting for home page (time 50)
2017-04-28 21:07:28 INFO  LogLog4j:42 - ----Test: positiveSearchTrainsForInterval
2017-04-28 21:07:28 INFO  LogLog4j:64 - Choosing Origin Station: Dimona
2017-04-28 21:07:29 INFO  LogLog4j:82 - Waiting for home page (time 50)
2017-04-28 21:07:29 INFO  LogLog4j:70 - Choosing Destination Station: Lod
2017-04-28 21:07:30 INFO  LogLog4j:82 - Waiting for home page (time 50)
2017-04-28 21:07:30 INFO  LogLog4j:76 - Clicking on Search button
2017-04-28 21:07:38 INFO  LogLog4j:82 - Waiting for home page (time 50)
2017-04-28 21:09:19 INFO  LogLog4j:89 - Verification: Is on Home Page (originFields, destinationField and SearchButton elements exist)
2017-04-28 21:09:54 INFO  LogLog4j:85 - Waiting for home page (time 50)
2017-04-28 21:09:55 INFO  LogLog4j:42 - ----Test: positiveSearchTrainsForInterval
2017-04-28 21:09:55 INFO  LogLog4j:67 - Choosing Origin Station: AFULA
2017-04-28 21:09:56 INFO  LogLog4j:85 - Waiting for home page (time 50)
2017-04-28 21:09:56 INFO  LogLog4j:73 - Choosing Destination Station: Ako
2017-04-28 21:09:57 INFO  LogLog4j:85 - Waiting for home page (time 50)
2017-04-28 21:09:57 INFO  LogLog4j:79 - Clicking on Search button
2017-04-28 21:10:08 INFO  LogLog4j:85 - Waiting for home page (time 50)
2017-04-28 21:10:58 INFO  LogLog4j:92 - Verification: Is on Home Page (originFields, destinationField and SearchButton elements exist)
2017-04-28 21:11:05 INFO  LogLog4j:85 - Waiting for home page (time 50)
2017-04-28 21:11:06 INFO  LogLog4j:42 - ----Test: positiveSearchTrainsForInterval
2017-04-28 21:11:06 INFO  LogLog4j:67 - Choosing Origin Station: AFULA
2017-04-28 21:11:07 INFO  LogLog4j:85 - Waiting for home page (time 50)
2017-04-28 21:11:07 INFO  LogLog4j:73 - Choosing Destination Station: Netanya
2017-04-28 21:11:07 INFO  LogLog4j:85 - Waiting for home page (time 50)
2017-04-28 21:11:08 INFO  LogLog4j:79 - Clicking on Search button
2017-04-28 21:11:15 INFO  LogLog4j:85 - Waiting for home page (time 50)
2017-04-28 21:12:06 INFO  LogLog4j:92 - Verification: Is on Home Page (originFields, destinationField and SearchButton elements exist)
2017-04-28 21:12:13 INFO  LogLog4j:85 - Waiting for home page (time 50)
2017-04-28 21:12:13 INFO  LogLog4j:42 - ----Test: positiveSearchTrainsForInterval
2017-04-28 21:12:13 INFO  LogLog4j:67 - Choosing Origin Station: Dimona
2017-04-28 21:12:14 INFO  LogLog4j:85 - Waiting for home page (time 50)
2017-04-28 21:12:14 INFO  LogLog4j:73 - Choosing Destination Station: Lod
2017-04-28 21:12:15 INFO  LogLog4j:85 - Waiting for home page (time 50)
2017-04-28 21:12:15 INFO  LogLog4j:79 - Clicking on Search button
2017-04-28 21:12:23 INFO  LogLog4j:85 - Waiting for home page (time 50)
2017-04-28 21:13:13 INFO  LogLog4j:92 - Verification: Is on Home Page (originFields, destinationField and SearchButton elements exist)
2017-04-29 17:28:57 INFO  LogLog4j:85 - Waiting for home page (time 50)
2017-04-29 17:28:58 INFO  LogLog4j:42 - ----Test: positiveSearchTrainsForInterval
2017-04-29 17:28:58 INFO  LogLog4j:67 - Choosing Origin Station: AFULA
2017-04-29 17:28:59 INFO  LogLog4j:85 - Waiting for home page (time 50)
2017-04-29 17:28:59 INFO  LogLog4j:73 - Choosing Destination Station: Ako
2017-04-29 17:29:00 INFO  LogLog4j:85 - Waiting for home page (time 50)
2017-04-29 17:29:00 INFO  LogLog4j:79 - Clicking on Search button
2017-04-29 17:29:11 INFO  LogLog4j:85 - Waiting for home page (time 50)
2017-04-29 17:30:02 INFO  LogLog4j:92 - Verification: Is on Home Page (originFields, destinationField and SearchButton elements exist)
2017-04-29 17:30:11 INFO  LogLog4j:85 - Waiting for home page (time 50)
2017-04-29 17:30:12 INFO  LogLog4j:42 - ----Test: positiveSearchTrainsForInterval
2017-04-29 17:30:12 INFO  LogLog4j:67 - Choosing Origin Station: AFULA
2017-04-29 17:30:12 INFO  LogLog4j:85 - Waiting for home page (time 50)
2017-04-29 17:30:12 INFO  LogLog4j:73 - Choosing Destination Station: Netanya
2017-04-29 17:30:13 INFO  LogLog4j:85 - Waiting for home page (time 50)
2017-04-29 17:30:13 INFO  LogLog4j:79 - Clicking on Search button
2017-04-29 17:30:23 INFO  LogLog4j:85 - Waiting for home page (time 50)
2017-04-29 17:31:14 INFO  LogLog4j:92 - Verification: Is on Home Page (originFields, destinationField and SearchButton elements exist)
2017-04-29 17:31:21 INFO  LogLog4j:85 - Waiting for home page (time 50)
2017-04-29 17:31:22 INFO  LogLog4j:42 - ----Test: positiveSearchTrainsForInterval
2017-04-29 17:31:22 INFO  LogLog4j:67 - Choosing Origin Station: Dimona
2017-04-29 17:31:22 INFO  LogLog4j:85 - Waiting for home page (time 50)
2017-04-29 17:31:23 INFO  LogLog4j:73 - Choosing Destination Station: Lod
2017-04-29 17:31:23 INFO  LogLog4j:85 - Waiting for home page (time 50)
2017-04-29 17:31:23 INFO  LogLog4j:79 - Clicking on Search button
2017-04-29 17:31:34 INFO  LogLog4j:85 - Waiting for home page (time 50)
2017-04-29 17:32:25 INFO  LogLog4j:92 - Verification: Is on Home Page (originFields, destinationField and SearchButton elements exist)
2017-04-29 17:37:09 INFO  LogLog4j:85 - Waiting for home page (time 50)
2017-04-29 17:37:10 INFO  LogLog4j:42 - ----Test: positiveSearchTrainsForInterval
2017-04-29 17:37:10 INFO  LogLog4j:67 - Choosing Origin Station: AFULA
2017-04-29 17:37:11 INFO  LogLog4j:73 - Choosing Destination Station: Ako
2017-04-29 17:37:12 INFO  LogLog4j:85 - Waiting for home page (time 50)
2017-04-29 17:37:13 INFO  LogLog4j:79 - Clicking on Search button
2017-04-29 17:37:23 INFO  LogLog4j:85 - Waiting for home page (time 50)
2017-04-29 17:38:13 INFO  LogLog4j:92 - Verification: Is on Home Page (originFields, destinationField and SearchButton elements exist)
2017-04-29 17:38:20 INFO  LogLog4j:85 - Waiting for home page (time 50)
2017-04-29 17:38:21 INFO  LogLog4j:42 - ----Test: positiveSearchTrainsForInterval
2017-04-29 17:38:21 INFO  LogLog4j:67 - Choosing Origin Station: AFULA
2017-04-29 17:38:22 INFO  LogLog4j:73 - Choosing Destination Station: Netanya
2017-04-29 17:38:22 INFO  LogLog4j:85 - Waiting for home page (time 50)
2017-04-29 17:38:22 INFO  LogLog4j:79 - Clicking on Search button
2017-04-29 17:38:32 INFO  LogLog4j:85 - Waiting for home page (time 50)
2017-04-29 17:39:23 INFO  LogLog4j:92 - Verification: Is on Home Page (originFields, destinationField and SearchButton elements exist)
2017-04-29 17:39:31 INFO  LogLog4j:85 - Waiting for home page (time 50)
2017-04-29 17:39:32 INFO  LogLog4j:42 - ----Test: positiveSearchTrainsForInterval
2017-04-29 17:39:32 INFO  LogLog4j:67 - Choosing Origin Station: Dimona
2017-04-29 17:39:33 INFO  LogLog4j:73 - Choosing Destination Station: Lod
2017-04-29 17:39:34 INFO  LogLog4j:85 - Waiting for home page (time 50)
2017-04-29 17:39:34 INFO  LogLog4j:79 - Clicking on Search button
2017-04-29 17:39:44 INFO  LogLog4j:85 - Waiting for home page (time 50)
2017-04-29 17:40:35 INFO  LogLog4j:92 - Verification: Is on Home Page (originFields, destinationField and SearchButton elements exist)
2017-04-29 18:06:53 INFO  LogLog4j:104 - Waiting for home page (time 50)
2017-04-29 18:06:54 INFO  LogLog4j:42 - ----Test: positiveSearchTrainsForInterval
2017-04-29 18:06:54 INFO  LogLog4j:67 - Choosing Origin Station: AFULA
2017-04-29 18:06:55 INFO  LogLog4j:73 - Choosing Destination Station: Ako
2017-04-29 18:06:56 INFO  LogLog4j:98 - Clicking on Search button
2017-04-29 18:07:07 INFO  LogLog4j:104 - Waiting for home page (time 50)
2017-04-29 18:07:58 INFO  LogLog4j:111 - Verification: Is on Home Page (originFields, destinationField and SearchButton elements exist)
2017-04-29 18:08:05 INFO  LogLog4j:104 - Waiting for home page (time 50)
2017-04-29 18:08:05 INFO  LogLog4j:42 - ----Test: positiveSearchTrainsForInterval
2017-04-29 18:08:05 INFO  LogLog4j:67 - Choosing Origin Station: AFULA
2017-04-29 18:08:06 INFO  LogLog4j:73 - Choosing Destination Station: Netanya
2017-04-29 18:08:09 INFO  LogLog4j:98 - Clicking on Search button
2017-04-29 18:08:19 INFO  LogLog4j:104 - Waiting for home page (time 50)
2017-04-29 18:09:09 INFO  LogLog4j:111 - Verification: Is on Home Page (originFields, destinationField and SearchButton elements exist)
2017-04-29 18:09:16 INFO  LogLog4j:104 - Waiting for home page (time 50)
2017-04-29 18:09:17 INFO  LogLog4j:42 - ----Test: positiveSearchTrainsForInterval
2017-04-29 18:09:17 INFO  LogLog4j:67 - Choosing Origin Station: Dimona
2017-04-29 18:09:18 INFO  LogLog4j:73 - Choosing Destination Station: Lod
2017-04-29 18:09:19 INFO  LogLog4j:98 - Clicking on Search button
2017-04-29 18:09:30 INFO  LogLog4j:104 - Waiting for home page (time 50)
2017-04-29 18:10:20 INFO  LogLog4j:111 - Verification: Is on Home Page (originFields, destinationField and SearchButton elements exist)
2017-04-29 18:32:32 INFO  LogLog4j:108 - Waiting for home page (time 50)
2017-04-29 18:32:34 INFO  LogLog4j:42 - ----Test: positiveSearchTrainsForInterval
2017-04-29 18:32:34 INFO  LogLog4j:67 - Choosing Origin Station: AFULA
2017-04-29 18:32:35 INFO  LogLog4j:73 - Choosing Destination Station: Ako
2017-04-29 18:32:35 INFO  LogLog4j:79 - Filling data field for one way ticket
2017-04-29 18:32:36 INFO  LogLog4j:90 - Clicking arrival check box for one way ticket
2017-04-29 18:32:36 INFO  LogLog4j:96 - Choosing departure time for one way ticket
2017-04-29 18:32:37 INFO  LogLog4j:102 - Clicking on Search button
2017-04-29 18:32:48 INFO  LogLog4j:108 - Waiting for home page (time 50)
2017-04-29 18:33:39 INFO  LogLog4j:115 - Verification: Is on Home Page (originFields, destinationField and SearchButton elements exist)
2017-04-29 18:33:46 INFO  LogLog4j:108 - Waiting for home page (time 50)
2017-04-29 18:33:47 INFO  LogLog4j:42 - ----Test: positiveSearchTrainsForInterval
2017-04-29 18:33:47 INFO  LogLog4j:67 - Choosing Origin Station: AFULA
2017-04-29 18:33:48 INFO  LogLog4j:73 - Choosing Destination Station: Netanya
2017-04-29 18:33:48 INFO  LogLog4j:79 - Filling data field for one way ticket
2017-04-29 18:33:49 INFO  LogLog4j:90 - Clicking arrival check box for one way ticket
2017-04-29 18:33:49 INFO  LogLog4j:96 - Choosing departure time for one way ticket
2017-04-29 18:33:50 INFO  LogLog4j:102 - Clicking on Search button
2017-04-29 18:34:29 INFO  LogLog4j:108 - Waiting for home page (time 50)
2017-04-29 18:35:20 INFO  LogLog4j:115 - Verification: Is on Home Page (originFields, destinationField and SearchButton elements exist)
2017-04-29 18:35:27 INFO  LogLog4j:108 - Waiting for home page (time 50)
2017-04-29 18:35:28 INFO  LogLog4j:42 - ----Test: positiveSearchTrainsForInterval
2017-04-29 18:35:28 INFO  LogLog4j:67 - Choosing Origin Station: Dimona
2017-04-29 18:35:28 INFO  LogLog4j:73 - Choosing Destination Station: Lod
2017-04-29 18:35:29 INFO  LogLog4j:79 - Filling data field for one way ticket
2017-04-29 18:35:30 INFO  LogLog4j:90 - Clicking arrival check box for one way ticket
2017-04-29 18:35:30 INFO  LogLog4j:96 - Choosing departure time for one way ticket
2017-04-29 18:35:31 INFO  LogLog4j:102 - Clicking on Search button
2017-04-29 18:35:40 INFO  LogLog4j:108 - Waiting for home page (time 50)
2017-04-29 18:36:31 INFO  LogLog4j:115 - Verification: Is on Home Page (originFields, destinationField and SearchButton elements exist)
2017-04-29 18:55:31 INFO  LogLog4j:114 - Waiting for home page (time 50)
2017-04-29 18:55:33 INFO  LogLog4j:42 - ----Test: positiveSearchTrainsForInterval
2017-04-29 18:55:33 INFO  LogLog4j:67 - Choosing Origin Station: AFULA
2017-04-29 18:55:34 INFO  LogLog4j:73 - Choosing Destination Station: Ako
2017-04-29 18:55:34 INFO  LogLog4j:79 - Filling data field for one way ticket
2017-04-29 18:55:35 INFO  LogLog4j:91 - Clicking departure or arrival check box for one way ticket: nothing
2017-04-29 18:55:35 INFO  LogLog4j:102 - Choosing departure time for one way ticket
2017-04-29 18:55:36 INFO  LogLog4j:108 - Clicking on Search button
2017-04-29 18:55:36 INFO  LogLog4j:114 - Waiting for home page (time 50)
2017-04-29 18:55:37 INFO  LogLog4j:121 - Verification: Is on Home Page (originFields, destinationField and SearchButton elements exist)
2017-04-29 18:55:45 INFO  LogLog4j:114 - Waiting for home page (time 50)
2017-04-29 18:55:46 INFO  LogLog4j:42 - ----Test: positiveSearchTrainsForInterval
2017-04-29 18:55:46 INFO  LogLog4j:67 - Choosing Origin Station: AFULA
2017-04-29 18:55:47 INFO  LogLog4j:73 - Choosing Destination Station: Netanya
2017-04-29 18:55:47 INFO  LogLog4j:79 - Filling data field for one way ticket
2017-04-29 18:55:48 INFO  LogLog4j:91 - Clicking departure or arrival check box for one way ticket: nothing
2017-04-29 18:55:48 INFO  LogLog4j:102 - Choosing departure time for one way ticket
2017-04-29 18:55:49 INFO  LogLog4j:108 - Clicking on Search button
2017-04-29 18:55:59 INFO  LogLog4j:114 - Waiting for home page (time 50)
2017-04-29 18:56:50 INFO  LogLog4j:121 - Verification: Is on Home Page (originFields, destinationField and SearchButton elements exist)
2017-04-29 18:56:59 INFO  LogLog4j:114 - Waiting for home page (time 50)
2017-04-29 18:56:59 INFO  LogLog4j:42 - ----Test: positiveSearchTrainsForInterval
2017-04-29 18:56:59 INFO  LogLog4j:67 - Choosing Origin Station: Dimona
2017-04-29 18:57:00 INFO  LogLog4j:73 - Choosing Destination Station: Lod
2017-04-29 18:57:01 INFO  LogLog4j:79 - Filling data field for one way ticket
2017-04-29 18:57:01 INFO  LogLog4j:114 - Waiting for home page (time 50)
2017-04-29 18:57:01 INFO  LogLog4j:91 - Clicking departure or arrival check box for one way ticket: nothing
2017-04-29 18:57:01 INFO  LogLog4j:102 - Choosing departure time for one way ticket
2017-04-29 18:57:02 INFO  LogLog4j:108 - Clicking on Search button
2017-04-29 18:57:02 INFO  LogLog4j:42 - ----Test: positiveSearchTrainsForInterval
2017-04-29 18:57:02 INFO  LogLog4j:67 - Choosing Origin Station: AFULA
2017-04-29 18:57:03 INFO  LogLog4j:73 - Choosing Destination Station: Ako
2017-04-29 18:57:04 INFO  LogLog4j:79 - Filling data field for one way ticket
2017-04-29 18:57:04 INFO  LogLog4j:91 - Clicking departure or arrival check box for one way ticket: nothing
2017-04-29 18:57:04 INFO  LogLog4j:102 - Choosing departure time for one way ticket
2017-04-29 18:57:05 INFO  LogLog4j:108 - Clicking on Search button
2017-04-29 18:57:11 INFO  LogLog4j:114 - Waiting for home page (time 50)
2017-04-29 18:57:14 INFO  LogLog4j:114 - Waiting for home page (time 50)
2017-04-29 18:58:02 INFO  LogLog4j:121 - Verification: Is on Home Page (originFields, destinationField and SearchButton elements exist)
2017-04-29 18:58:05 INFO  LogLog4j:121 - Verification: Is on Home Page (originFields, destinationField and SearchButton elements exist)
2017-04-29 18:58:12 INFO  LogLog4j:114 - Waiting for home page (time 50)
2017-04-29 18:58:13 INFO  LogLog4j:42 - ----Test: positiveSearchTrainsForInterval
2017-04-29 18:58:13 INFO  LogLog4j:67 - Choosing Origin Station: AFULA
2017-04-29 18:58:13 INFO  LogLog4j:73 - Choosing Destination Station: Netanya
2017-04-29 18:58:14 INFO  LogLog4j:79 - Filling data field for one way ticket
2017-04-29 18:58:15 INFO  LogLog4j:91 - Clicking departure or arrival check box for one way ticket: nothing
2017-04-29 18:58:15 INFO  LogLog4j:102 - Choosing departure time for one way ticket
2017-04-29 18:58:15 INFO  LogLog4j:108 - Clicking on Search button
2017-04-29 18:58:24 INFO  LogLog4j:114 - Waiting for home page (time 50)
2017-04-29 18:59:15 INFO  LogLog4j:121 - Verification: Is on Home Page (originFields, destinationField and SearchButton elements exist)
2017-04-29 18:59:22 INFO  LogLog4j:114 - Waiting for home page (time 50)
2017-04-29 18:59:23 INFO  LogLog4j:42 - ----Test: positiveSearchTrainsForInterval
2017-04-29 18:59:23 INFO  LogLog4j:67 - Choosing Origin Station: Dimona
2017-04-29 18:59:23 INFO  LogLog4j:73 - Choosing Destination Station: Lod
2017-04-29 18:59:24 INFO  LogLog4j:79 - Filling data field for one way ticket
2017-04-29 18:59:25 INFO  LogLog4j:91 - Clicking departure or arrival check box for one way ticket: nothing
2017-04-29 18:59:25 INFO  LogLog4j:102 - Choosing departure time for one way ticket
2017-04-29 18:59:25 INFO  LogLog4j:108 - Clicking on Search button
2017-04-29 18:59:34 INFO  LogLog4j:114 - Waiting for home page (time 50)
2017-04-29 19:00:24 INFO  LogLog4j:121 - Verification: Is on Home Page (originFields, destinationField and SearchButton elements exist)
2017-04-29 23:31:24 INFO  LogLog4j:108 - Waiting for home page (time 50)
2017-04-29 23:31:25 INFO  LogLog4j:39 - ----Test: positiveApplicationLoadingTest
2017-04-29 23:31:25 INFO  LogLog4j:115 - Verification: Is on Home Page (originFields, destinationField and SearchButton elements exist)
2017-04-29 23:31:53 INFO  LogLog4j:108 - Waiting for home page (time 50)
2017-04-29 23:31:54 INFO  LogLog4j:46 - ----Test: positiveSearchTrainsOneWayTicket
2017-04-29 23:31:54 INFO  LogLog4j:67 - Choosing Origin Station: AFULA
2017-04-29 23:31:55 INFO  LogLog4j:73 - Choosing Destination Station: Ako
2017-04-29 23:31:56 INFO  LogLog4j:79 - Filling data field for one way ticket
2017-04-29 23:31:57 INFO  LogLog4j:91 - Clicking departure or arrival check box for one way ticket: nothing
2017-04-29 23:31:57 INFO  LogLog4j:96 - Choosing departure time for one way ticket
2017-04-29 23:31:58 INFO  LogLog4j:102 - Clicking on Search button
2017-04-29 23:32:07 INFO  LogLog4j:38 - Waiting for Drive Plan - Choose Train (time 50)
2017-04-29 23:32:08 INFO  LogLog4j:44 - Is Drive Plan - Choose Train page
2017-04-29 23:32:14 INFO  LogLog4j:108 - Waiting for home page (time 50)
2017-04-29 23:32:15 INFO  LogLog4j:46 - ----Test: positiveSearchTrainsOneWayTicket
2017-04-29 23:32:15 INFO  LogLog4j:67 - Choosing Origin Station: AFULA
2017-04-29 23:32:16 INFO  LogLog4j:73 - Choosing Destination Station: Netanya
2017-04-29 23:32:17 INFO  LogLog4j:79 - Filling data field for one way ticket
2017-04-29 23:32:17 INFO  LogLog4j:91 - Clicking departure or arrival check box for one way ticket: nothing
2017-04-29 23:32:17 INFO  LogLog4j:96 - Choosing departure time for one way ticket
2017-04-29 23:32:18 INFO  LogLog4j:102 - Clicking on Search button
2017-04-29 23:32:27 INFO  LogLog4j:38 - Waiting for Drive Plan - Choose Train (time 50)
2017-04-29 23:32:28 INFO  LogLog4j:44 - Is Drive Plan - Choose Train page
2017-04-29 23:32:35 INFO  LogLog4j:108 - Waiting for home page (time 50)
2017-04-29 23:32:35 INFO  LogLog4j:46 - ----Test: positiveSearchTrainsOneWayTicket
2017-04-29 23:32:35 INFO  LogLog4j:67 - Choosing Origin Station: Dimona
2017-04-29 23:32:36 INFO  LogLog4j:73 - Choosing Destination Station: Lod
2017-04-29 23:32:37 INFO  LogLog4j:79 - Filling data field for one way ticket
2017-04-29 23:32:37 INFO  LogLog4j:91 - Clicking departure or arrival check box for one way ticket: nothing
2017-04-29 23:32:37 INFO  LogLog4j:96 - Choosing departure time for one way ticket
2017-04-29 23:32:38 INFO  LogLog4j:102 - Clicking on Search button
2017-04-29 23:32:47 INFO  LogLog4j:38 - Waiting for Drive Plan - Choose Train (time 50)
2017-04-29 23:32:48 INFO  LogLog4j:44 - Is Drive Plan - Choose Train page
2017-04-30 00:46:19 INFO  LogLog4j:108 - Waiting for home page (time 50)
2017-04-30 00:46:20 INFO  LogLog4j:46 - ----Test: positiveSearchTrainsOneWayTicket: AFULA, Ako, A, 30/04/2017, 20:00
2017-04-30 00:46:20 INFO  LogLog4j:67 - Choosing Origin Station: AFULA
2017-04-30 00:46:21 INFO  LogLog4j:73 - Choosing Destination Station: Ako
2017-04-30 00:46:22 INFO  LogLog4j:79 - Filling data field for one way ticket
2017-04-30 00:46:23 INFO  LogLog4j:91 - Clicking departure or arrival check box for one way ticket: nothing
2017-04-30 00:46:23 INFO  LogLog4j:96 - Choosing departure time for one way ticket
2017-04-30 00:46:24 INFO  LogLog4j:102 - Clicking on Search button
2017-04-30 00:46:34 INFO  LogLog4j:38 - Waiting for Drive Plan - Choose Train (time 50)
2017-04-30 00:46:35 INFO  LogLog4j:45 - Is Drive Plan - Choose Train page
2017-04-30 00:46:36 INFO  LogLog4j:50 - Verification - is one way ticket: false
2017-04-30 00:46:43 INFO  LogLog4j:108 - Waiting for home page (time 50)
2017-04-30 00:46:43 INFO  LogLog4j:46 - ----Test: positiveSearchTrainsOneWayTicket: AFULA, Netanya, D, 01/05/2017, 10:00
2017-04-30 00:46:43 INFO  LogLog4j:67 - Choosing Origin Station: AFULA
2017-04-30 00:46:44 INFO  LogLog4j:73 - Choosing Destination Station: Netanya
2017-04-30 00:46:45 INFO  LogLog4j:79 - Filling data field for one way ticket
2017-04-30 00:46:45 INFO  LogLog4j:91 - Clicking departure or arrival check box for one way ticket: nothing
2017-04-30 00:46:45 INFO  LogLog4j:96 - Choosing departure time for one way ticket
2017-04-30 00:46:46 INFO  LogLog4j:102 - Clicking on Search button
2017-04-30 00:46:56 INFO  LogLog4j:38 - Waiting for Drive Plan - Choose Train (time 50)
2017-04-30 00:46:57 INFO  LogLog4j:45 - Is Drive Plan - Choose Train page
2017-04-30 00:46:58 INFO  LogLog4j:50 - Verification - is one way ticket: false
2017-04-30 00:47:04 INFO  LogLog4j:108 - Waiting for home page (time 50)
2017-04-30 00:47:04 INFO  LogLog4j:46 - ----Test: positiveSearchTrainsOneWayTicket: Dimona, Lod, N, 01/05/2017, 17:00
2017-04-30 00:47:04 INFO  LogLog4j:67 - Choosing Origin Station: Dimona
2017-04-30 00:47:05 INFO  LogLog4j:73 - Choosing Destination Station: Lod
2017-04-30 00:47:06 INFO  LogLog4j:79 - Filling data field for one way ticket
2017-04-30 00:47:07 INFO  LogLog4j:91 - Clicking departure or arrival check box for one way ticket: nothing
2017-04-30 00:47:07 INFO  LogLog4j:96 - Choosing departure time for one way ticket
2017-04-30 00:47:07 INFO  LogLog4j:102 - Clicking on Search button
2017-04-30 00:47:17 INFO  LogLog4j:38 - Waiting for Drive Plan - Choose Train (time 50)
2017-04-30 00:47:17 INFO  LogLog4j:45 - Is Drive Plan - Choose Train page
2017-04-30 00:47:18 INFO  LogLog4j:50 - Verification - is one way ticket: false
2017-04-30 00:49:28 INFO  LogLog4j:108 - Waiting for home page (time 50)
2017-04-30 00:49:29 INFO  LogLog4j:46 - ----Test: positiveSearchTrainsOneWayTicket: AFULA, Ako, A, 30/04/2017, 20:00
2017-04-30 00:49:29 INFO  LogLog4j:67 - Choosing Origin Station: AFULA
2017-04-30 00:49:30 INFO  LogLog4j:73 - Choosing Destination Station: Ako
2017-04-30 00:49:31 INFO  LogLog4j:79 - Filling data field for one way ticket
2017-04-30 00:49:32 INFO  LogLog4j:91 - Clicking departure or arrival check box for one way ticket: nothing
2017-04-30 00:49:32 INFO  LogLog4j:96 - Choosing departure time for one way ticket
2017-04-30 00:49:32 INFO  LogLog4j:102 - Clicking on Search button
2017-04-30 00:49:42 INFO  LogLog4j:38 - Waiting for Drive Plan - Choose Train (time 50)
2017-04-30 00:49:43 INFO  LogLog4j:45 - Is Drive Plan - Choose Train page
2017-04-30 00:49:50 INFO  LogLog4j:108 - Waiting for home page (time 50)
2017-04-30 00:49:51 INFO  LogLog4j:46 - ----Test: positiveSearchTrainsOneWayTicket: AFULA, Netanya, D, 01/05/2017, 10:00
2017-04-30 00:49:51 INFO  LogLog4j:67 - Choosing Origin Station: AFULA
2017-04-30 00:49:52 INFO  LogLog4j:73 - Choosing Destination Station: Netanya
2017-04-30 00:49:53 INFO  LogLog4j:79 - Filling data field for one way ticket
2017-04-30 00:49:53 INFO  LogLog4j:91 - Clicking departure or arrival check box for one way ticket: nothing
2017-04-30 00:49:53 INFO  LogLog4j:96 - Choosing departure time for one way ticket
2017-04-30 00:49:54 INFO  LogLog4j:102 - Clicking on Search button
2017-04-30 00:50:03 INFO  LogLog4j:38 - Waiting for Drive Plan - Choose Train (time 50)
2017-04-30 00:50:03 INFO  LogLog4j:45 - Is Drive Plan - Choose Train page
2017-04-30 00:50:10 INFO  LogLog4j:108 - Waiting for home page (time 50)
2017-04-30 00:50:10 INFO  LogLog4j:46 - ----Test: positiveSearchTrainsOneWayTicket: Dimona, Lod, N, 01/05/2017, 17:00
2017-04-30 00:50:10 INFO  LogLog4j:67 - Choosing Origin Station: Dimona
2017-04-30 00:50:11 INFO  LogLog4j:73 - Choosing Destination Station: Lod
2017-04-30 00:50:12 INFO  LogLog4j:79 - Filling data field for one way ticket
2017-04-30 00:50:12 INFO  LogLog4j:91 - Clicking departure or arrival check box for one way ticket: nothing
2017-04-30 00:50:12 INFO  LogLog4j:96 - Choosing departure time for one way ticket
2017-04-30 00:50:13 INFO  LogLog4j:102 - Clicking on Search button
2017-04-30 00:50:20 INFO  LogLog4j:38 - Waiting for Drive Plan - Choose Train (time 50)
2017-04-30 00:50:21 INFO  LogLog4j:45 - Is Drive Plan - Choose Train page
2017-04-30 01:01:52 INFO  LogLog4j:108 - Waiting for home page (time 50)
2017-04-30 01:01:53 INFO  LogLog4j:46 - ----Test: positiveSearchTrainsOneWayTicket: AFULA, Ako, A, 30/04/2017, 20:00
2017-04-30 01:01:53 INFO  LogLog4j:67 - Choosing Origin Station: AFULA
2017-04-30 01:01:54 INFO  LogLog4j:73 - Choosing Destination Station: Ako
2017-04-30 01:01:55 INFO  LogLog4j:79 - Filling data field for one way ticket
2017-04-30 01:01:55 INFO  LogLog4j:91 - Clicking departure or arrival check box for one way ticket: nothing
2017-04-30 01:01:55 INFO  LogLog4j:96 - Choosing departure time for one way ticket
2017-04-30 01:01:56 INFO  LogLog4j:102 - Clicking on Search button
2017-04-30 01:02:06 INFO  LogLog4j:38 - Waiting for Drive Plan - Choose Train (time 50)
2017-04-30 01:02:07 INFO  LogLog4j:45 - Is Drive Plan - Choose Train page
2017-04-30 01:02:14 INFO  LogLog4j:108 - Waiting for home page (time 50)
2017-04-30 01:02:15 INFO  LogLog4j:46 - ----Test: positiveSearchTrainsOneWayTicket: AFULA, Netanya, D, 01/05/2017, 10:00
2017-04-30 01:02:15 INFO  LogLog4j:67 - Choosing Origin Station: AFULA
2017-04-30 01:02:15 INFO  LogLog4j:73 - Choosing Destination Station: Netanya
2017-04-30 01:02:16 INFO  LogLog4j:79 - Filling data field for one way ticket
2017-04-30 01:02:16 INFO  LogLog4j:91 - Clicking departure or arrival check box for one way ticket: nothing
2017-04-30 01:02:16 INFO  LogLog4j:96 - Choosing departure time for one way ticket
2017-04-30 01:02:17 INFO  LogLog4j:102 - Clicking on Search button
2017-04-30 01:02:28 INFO  LogLog4j:38 - Waiting for Drive Plan - Choose Train (time 50)
2017-04-30 01:02:28 INFO  LogLog4j:45 - Is Drive Plan - Choose Train page
2017-04-30 01:02:34 INFO  LogLog4j:108 - Waiting for home page (time 50)
2017-04-30 01:02:35 INFO  LogLog4j:46 - ----Test: positiveSearchTrainsOneWayTicket: Dimona, Lod, N, 01/05/2017, 17:00
2017-04-30 01:02:35 INFO  LogLog4j:67 - Choosing Origin Station: Dimona
2017-04-30 01:02:36 INFO  LogLog4j:73 - Choosing Destination Station: Lod
2017-04-30 01:02:37 INFO  LogLog4j:79 - Filling data field for one way ticket
2017-04-30 01:02:37 INFO  LogLog4j:91 - Clicking departure or arrival check box for one way ticket: nothing
2017-04-30 01:02:37 INFO  LogLog4j:96 - Choosing departure time for one way ticket
2017-04-30 01:02:38 INFO  LogLog4j:102 - Clicking on Search button
2017-04-30 01:02:48 INFO  LogLog4j:38 - Waiting for Drive Plan - Choose Train (time 50)
2017-04-30 01:02:49 INFO  LogLog4j:45 - Is Drive Plan - Choose Train page
2017-04-30 01:21:15 INFO  LogLog4j:108 - Waiting for home page (time 50)
2017-04-30 01:21:16 INFO  LogLog4j:46 - ----Test: positiveSearchTrainsOneWayTicket: AFULA, Ako, A, 30/04/2017, 20:00
2017-04-30 01:21:16 INFO  LogLog4j:67 - Choosing Origin Station: AFULA
2017-04-30 01:21:17 INFO  LogLog4j:73 - Choosing Destination Station: Ako
2017-04-30 01:21:18 INFO  LogLog4j:79 - Filling data field for one way ticket
2017-04-30 01:21:19 INFO  LogLog4j:91 - Clicking departure or arrival check box for one way ticket: nothing
2017-04-30 01:21:19 INFO  LogLog4j:96 - Choosing departure time for one way ticket
2017-04-30 01:21:19 INFO  LogLog4j:102 - Clicking on Search button
2017-04-30 01:21:29 INFO  LogLog4j:38 - Waiting for Drive Plan - Choose Train (time 50)
2017-04-30 01:21:30 INFO  LogLog4j:45 - Is Drive Plan - Choose Train page
2017-04-30 01:21:30 INFO  LogLog4j:68 - Verification - is destintion station correct: true
2017-04-30 01:21:31 INFO  LogLog4j:56 - Verification - is one way date correct: true
2017-04-30 01:21:37 INFO  LogLog4j:108 - Waiting for home page (time 50)
2017-04-30 01:21:38 INFO  LogLog4j:46 - ----Test: positiveSearchTrainsOneWayTicket: AFULA, Netanya, D, 01/05/2017, 10:00
2017-04-30 01:21:38 INFO  LogLog4j:67 - Choosing Origin Station: AFULA
2017-04-30 01:21:38 INFO  LogLog4j:73 - Choosing Destination Station: Netanya
2017-04-30 01:21:39 INFO  LogLog4j:79 - Filling data field for one way ticket
2017-04-30 01:21:39 INFO  LogLog4j:91 - Clicking departure or arrival check box for one way ticket: nothing
2017-04-30 01:21:39 INFO  LogLog4j:96 - Choosing departure time for one way ticket
2017-04-30 01:21:40 INFO  LogLog4j:102 - Clicking on Search button
2017-04-30 01:21:51 INFO  LogLog4j:38 - Waiting for Drive Plan - Choose Train (time 50)
2017-04-30 01:21:51 INFO  LogLog4j:45 - Is Drive Plan - Choose Train page
2017-04-30 01:21:52 INFO  LogLog4j:68 - Verification - is destintion station correct: true
2017-04-30 01:21:52 INFO  LogLog4j:56 - Verification - is one way date correct: true
2017-04-30 01:21:59 INFO  LogLog4j:108 - Waiting for home page (time 50)
2017-04-30 01:21:59 INFO  LogLog4j:46 - ----Test: positiveSearchTrainsOneWayTicket: Dimona, Lod, N, 01/05/2017, 17:00
2017-04-30 01:21:59 INFO  LogLog4j:67 - Choosing Origin Station: Dimona
2017-04-30 01:22:00 INFO  LogLog4j:73 - Choosing Destination Station: Lod
2017-04-30 01:22:01 INFO  LogLog4j:79 - Filling data field for one way ticket
2017-04-30 01:22:01 INFO  LogLog4j:91 - Clicking departure or arrival check box for one way ticket: nothing
2017-04-30 01:22:01 INFO  LogLog4j:96 - Choosing departure time for one way ticket
2017-04-30 01:22:02 INFO  LogLog4j:102 - Clicking on Search button
2017-04-30 01:22:11 INFO  LogLog4j:38 - Waiting for Drive Plan - Choose Train (time 50)
2017-04-30 01:22:12 INFO  LogLog4j:45 - Is Drive Plan - Choose Train page
2017-04-30 01:22:12 INFO  LogLog4j:68 - Verification - is destintion station correct: true
2017-04-30 01:22:13 INFO  LogLog4j:56 - Verification - is one way date correct: true
2017-04-30 01:23:10 INFO  LogLog4j:108 - Waiting for home page (time 50)
2017-04-30 01:23:11 INFO  LogLog4j:46 - ----Test: positiveSearchTrainsOneWayTicket: AFULA, Ako, A, 30/04/2017, 20:00
2017-04-30 01:23:11 INFO  LogLog4j:67 - Choosing Origin Station: AFULA
2017-04-30 01:23:12 INFO  LogLog4j:73 - Choosing Destination Station: Ako
2017-04-30 01:23:12 INFO  LogLog4j:79 - Filling data field for one way ticket
2017-04-30 01:23:13 INFO  LogLog4j:91 - Clicking departure or arrival check box for one way ticket: nothing
2017-04-30 01:23:13 INFO  LogLog4j:96 - Choosing departure time for one way ticket
2017-04-30 01:23:14 INFO  LogLog4j:102 - Clicking on Search button
2017-04-30 01:23:23 INFO  LogLog4j:38 - Waiting for Drive Plan - Choose Train (time 50)
2017-04-30 01:23:24 INFO  LogLog4j:45 - Is Drive Plan - Choose Train page
2017-04-30 01:23:24 INFO  LogLog4j:62 - Verification - is origin station correct: true
2017-04-30 01:23:24 INFO  LogLog4j:68 - Verification - is destintion station correct: true
2017-04-30 01:23:25 INFO  LogLog4j:56 - Verification - is one way date correct: true
2017-04-30 01:23:31 INFO  LogLog4j:108 - Waiting for home page (time 50)
2017-04-30 01:23:32 INFO  LogLog4j:46 - ----Test: positiveSearchTrainsOneWayTicket: AFULA, Netanya, D, 01/05/2017, 10:00
2017-04-30 01:23:32 INFO  LogLog4j:67 - Choosing Origin Station: AFULA
2017-04-30 01:23:33 INFO  LogLog4j:73 - Choosing Destination Station: Netanya
2017-04-30 01:23:33 INFO  LogLog4j:79 - Filling data field for one way ticket
2017-04-30 01:23:34 INFO  LogLog4j:91 - Clicking departure or arrival check box for one way ticket: nothing
2017-04-30 01:23:34 INFO  LogLog4j:96 - Choosing departure time for one way ticket
2017-04-30 01:23:34 INFO  LogLog4j:102 - Clicking on Search button
2017-04-30 01:23:43 INFO  LogLog4j:38 - Waiting for Drive Plan - Choose Train (time 50)
2017-04-30 01:23:43 INFO  LogLog4j:45 - Is Drive Plan - Choose Train page
2017-04-30 01:23:44 INFO  LogLog4j:62 - Verification - is origin station correct: true
2017-04-30 01:23:44 INFO  LogLog4j:68 - Verification - is destintion station correct: true
2017-04-30 01:23:44 INFO  LogLog4j:56 - Verification - is one way date correct: true
2017-04-30 01:23:51 INFO  LogLog4j:108 - Waiting for home page (time 50)
2017-04-30 01:23:51 INFO  LogLog4j:46 - ----Test: positiveSearchTrainsOneWayTicket: Dimona, Lod, N, 01/05/2017, 17:00
2017-04-30 01:23:51 INFO  LogLog4j:67 - Choosing Origin Station: Dimona
2017-04-30 01:23:52 INFO  LogLog4j:73 - Choosing Destination Station: Lod
2017-04-30 01:23:53 INFO  LogLog4j:79 - Filling data field for one way ticket
2017-04-30 01:23:53 INFO  LogLog4j:91 - Clicking departure or arrival check box for one way ticket: nothing
2017-04-30 01:23:53 INFO  LogLog4j:96 - Choosing departure time for one way ticket
2017-04-30 01:23:54 INFO  LogLog4j:102 - Clicking on Search button
2017-04-30 01:24:01 INFO  LogLog4j:38 - Waiting for Drive Plan - Choose Train (time 50)
2017-04-30 01:24:02 INFO  LogLog4j:45 - Is Drive Plan - Choose Train page
2017-04-30 01:24:02 INFO  LogLog4j:62 - Verification - is origin station correct: true
2017-04-30 01:24:03 INFO  LogLog4j:68 - Verification - is destintion station correct: true
2017-04-30 01:24:03 INFO  LogLog4j:56 - Verification - is one way date correct: true
2017-04-30 01:26:08 INFO  LogLog4j:108 - Waiting for home page (time 50)
2017-04-30 01:26:09 INFO  LogLog4j:46 - ----Test: positiveSearchTrainsOneWayTicket: AFULA, Ako, A, 30/04/2017, 20:00
2017-04-30 01:26:09 INFO  LogLog4j:67 - Choosing Origin Station: AFULA
2017-04-30 01:26:10 INFO  LogLog4j:73 - Choosing Destination Station: Ako
2017-04-30 01:26:11 INFO  LogLog4j:79 - Filling data field for one way ticket
2017-04-30 01:26:12 INFO  LogLog4j:91 - Clicking departure or arrival check box for one way ticket: nothing
2017-04-30 01:26:12 INFO  LogLog4j:96 - Choosing departure time for one way ticket
2017-04-30 01:26:12 INFO  LogLog4j:102 - Clicking on Search button
2017-04-30 01:26:21 INFO  LogLog4j:38 - Waiting for Drive Plan - Choose Train (time 50)
2017-04-30 01:26:22 INFO  LogLog4j:45 - Is Drive Plan - Choose Train page
2017-04-30 01:26:23 INFO  LogLog4j:50 - Verification - is one way ticket: false 30/04/2017 Sun
2017-04-30 01:26:29 INFO  LogLog4j:108 - Waiting for home page (time 50)
2017-04-30 01:26:30 INFO  LogLog4j:46 - ----Test: positiveSearchTrainsOneWayTicket: AFULA, Netanya, D, 01/05/2017, 10:00
2017-04-30 01:26:30 INFO  LogLog4j:67 - Choosing Origin Station: AFULA
2017-04-30 01:26:31 INFO  LogLog4j:73 - Choosing Destination Station: Netanya
2017-04-30 01:26:31 INFO  LogLog4j:79 - Filling data field for one way ticket
2017-04-30 01:26:32 INFO  LogLog4j:91 - Clicking departure or arrival check box for one way ticket: nothing
2017-04-30 01:26:32 INFO  LogLog4j:96 - Choosing departure time for one way ticket
2017-04-30 01:26:32 INFO  LogLog4j:102 - Clicking on Search button
2017-04-30 01:26:40 INFO  LogLog4j:38 - Waiting for Drive Plan - Choose Train (time 50)
2017-04-30 01:26:41 INFO  LogLog4j:45 - Is Drive Plan - Choose Train page
2017-04-30 01:26:42 INFO  LogLog4j:50 - Verification - is one way ticket: false 01/05/2017 Mon
2017-04-30 01:26:48 INFO  LogLog4j:108 - Waiting for home page (time 50)
2017-04-30 01:26:48 INFO  LogLog4j:46 - ----Test: positiveSearchTrainsOneWayTicket: Dimona, Lod, N, 01/05/2017, 17:00
2017-04-30 01:26:48 INFO  LogLog4j:67 - Choosing Origin Station: Dimona
2017-04-30 01:26:49 INFO  LogLog4j:73 - Choosing Destination Station: Lod
2017-04-30 01:26:50 INFO  LogLog4j:79 - Filling data field for one way ticket
2017-04-30 01:26:51 INFO  LogLog4j:91 - Clicking departure or arrival check box for one way ticket: nothing
2017-04-30 01:26:51 INFO  LogLog4j:96 - Choosing departure time for one way ticket
2017-04-30 01:26:51 INFO  LogLog4j:102 - Clicking on Search button
2017-04-30 01:26:59 INFO  LogLog4j:38 - Waiting for Drive Plan - Choose Train (time 50)
2017-04-30 01:27:00 INFO  LogLog4j:45 - Is Drive Plan - Choose Train page
2017-04-30 01:27:00 INFO  LogLog4j:50 - Verification - is one way ticket: false 01/05/2017 Mon
2017-04-30 01:30:14 INFO  LogLog4j:108 - Waiting for home page (time 50)
2017-04-30 01:30:15 INFO  LogLog4j:46 - ----Test: positiveSearchTrainsOneWayTicket: AFULA, Ako, A, 30/04/2017, 20:00
2017-04-30 01:30:15 INFO  LogLog4j:67 - Choosing Origin Station: AFULA
2017-04-30 01:30:15 INFO  LogLog4j:73 - Choosing Destination Station: Ako
2017-04-30 01:30:16 INFO  LogLog4j:79 - Filling data field for one way ticket
2017-04-30 01:30:17 INFO  LogLog4j:91 - Clicking departure or arrival check box for one way ticket: nothing
2017-04-30 01:30:17 INFO  LogLog4j:96 - Choosing departure time for one way ticket
2017-04-30 01:30:18 INFO  LogLog4j:102 - Clicking on Search button
2017-04-30 01:30:26 INFO  LogLog4j:38 - Waiting for Drive Plan - Choose Train (time 50)
2017-04-30 01:30:27 INFO  LogLog4j:45 - Is Drive Plan - Choose Train page
2017-04-30 01:30:27 INFO  LogLog4j:50 - Verification - is one way ticket: true One way
2017-04-30 01:30:27 INFO  LogLog4j:62 - Verification - is origin station correct: true
2017-04-30 01:30:28 INFO  LogLog4j:68 - Verification - is destintion station correct: true
2017-04-30 01:30:28 INFO  LogLog4j:56 - Verification - is one way date correct: true
2017-04-30 01:30:34 INFO  LogLog4j:108 - Waiting for home page (time 50)
2017-04-30 01:30:35 INFO  LogLog4j:46 - ----Test: positiveSearchTrainsOneWayTicket: AFULA, Netanya, D, 01/05/2017, 10:00
2017-04-30 01:30:35 INFO  LogLog4j:67 - Choosing Origin Station: AFULA
2017-04-30 01:30:35 INFO  LogLog4j:73 - Choosing Destination Station: Netanya
2017-04-30 01:30:36 INFO  LogLog4j:79 - Filling data field for one way ticket
2017-04-30 01:30:36 INFO  LogLog4j:91 - Clicking departure or arrival check box for one way ticket: nothing
2017-04-30 01:30:36 INFO  LogLog4j:96 - Choosing departure time for one way ticket
2017-04-30 01:30:37 INFO  LogLog4j:102 - Clicking on Search button
2017-04-30 01:30:45 INFO  LogLog4j:38 - Waiting for Drive Plan - Choose Train (time 50)
2017-04-30 01:30:46 INFO  LogLog4j:45 - Is Drive Plan - Choose Train page
2017-04-30 01:30:47 INFO  LogLog4j:50 - Verification - is one way ticket: true One way
2017-04-30 01:30:47 INFO  LogLog4j:62 - Verification - is origin station correct: true
2017-04-30 01:30:47 INFO  LogLog4j:68 - Verification - is destintion station correct: true
2017-04-30 01:30:48 INFO  LogLog4j:56 - Verification - is one way date correct: true
2017-04-30 01:30:54 INFO  LogLog4j:108 - Waiting for home page (time 50)
2017-04-30 01:30:55 INFO  LogLog4j:46 - ----Test: positiveSearchTrainsOneWayTicket: Dimona, Lod, N, 01/05/2017, 17:00
2017-04-30 01:30:55 INFO  LogLog4j:67 - Choosing Origin Station: Dimona
2017-04-30 01:30:56 INFO  LogLog4j:73 - Choosing Destination Station: Lod
2017-04-30 01:30:56 INFO  LogLog4j:79 - Filling data field for one way ticket
2017-04-30 01:30:57 INFO  LogLog4j:91 - Clicking departure or arrival check box for one way ticket: nothing
2017-04-30 01:30:57 INFO  LogLog4j:96 - Choosing departure time for one way ticket
2017-04-30 01:30:57 INFO  LogLog4j:102 - Clicking on Search button
2017-04-30 01:31:04 INFO  LogLog4j:38 - Waiting for Drive Plan - Choose Train (time 50)
2017-04-30 01:31:05 INFO  LogLog4j:45 - Is Drive Plan - Choose Train page
2017-04-30 01:31:06 INFO  LogLog4j:50 - Verification - is one way ticket: true One way
2017-04-30 01:31:06 INFO  LogLog4j:62 - Verification - is origin station correct: true
2017-04-30 01:31:06 INFO  LogLog4j:68 - Verification - is destintion station correct: true
2017-04-30 01:31:07 INFO  LogLog4j:56 - Verification - is one way date correct: true
2017-04-30 01:43:39 INFO  LogLog4j:108 - Waiting for home page (time 50)
2017-04-30 01:43:40 INFO  LogLog4j:46 - ----Test: positiveSearchTrainsOneWayTicket: AFULA, Ako, A, 30/04/2017, 20:00
2017-04-30 01:43:40 INFO  LogLog4j:67 - Choosing Origin Station: AFULA
2017-04-30 01:43:41 INFO  LogLog4j:73 - Choosing Destination Station: Ako
2017-04-30 01:43:42 INFO  LogLog4j:79 - Filling data field for one way ticket
2017-04-30 01:43:42 INFO  LogLog4j:91 - Clicking departure or arrival check box for one way ticket: nothing
2017-04-30 01:43:42 INFO  LogLog4j:96 - Choosing departure time for one way ticket
2017-04-30 01:43:43 INFO  LogLog4j:102 - Clicking on Search button
2017-04-30 01:43:53 INFO  LogLog4j:38 - Waiting for Drive Plan - Choose Train (time 50)
2017-04-30 01:43:54 INFO  LogLog4j:45 - Is Drive Plan - Choose Train page
2017-04-30 01:43:54 INFO  LogLog4j:50 - Verification - is one way ticket: true
2017-04-30 01:43:54 INFO  LogLog4j:62 - Verification - is origin station correct: true
2017-04-30 01:43:55 INFO  LogLog4j:68 - Verification - is destintion station correct: true
2017-04-30 01:43:55 INFO  LogLog4j:56 - Verification - is one way date correct: true
2017-04-30 01:44:02 INFO  LogLog4j:108 - Waiting for home page (time 50)
2017-04-30 01:44:02 INFO  LogLog4j:46 - ----Test: positiveSearchTrainsOneWayTicket: AFULA, Netanya, D, 01/05/2017, 10:00
2017-04-30 01:44:03 INFO  LogLog4j:67 - Choosing Origin Station: AFULA
2017-04-30 01:44:03 INFO  LogLog4j:73 - Choosing Destination Station: Netanya
2017-04-30 01:44:04 INFO  LogLog4j:79 - Filling data field for one way ticket
2017-04-30 01:44:05 INFO  LogLog4j:91 - Clicking departure or arrival check box for one way ticket: nothing
2017-04-30 01:44:05 INFO  LogLog4j:96 - Choosing departure time for one way ticket
2017-04-30 01:44:05 INFO  LogLog4j:102 - Clicking on Search button
2017-04-30 01:44:14 INFO  LogLog4j:38 - Waiting for Drive Plan - Choose Train (time 50)
2017-04-30 01:44:15 INFO  LogLog4j:45 - Is Drive Plan - Choose Train page
2017-04-30 01:44:16 INFO  LogLog4j:50 - Verification - is one way ticket: true
2017-04-30 01:44:16 INFO  LogLog4j:62 - Verification - is origin station correct: true
2017-04-30 01:44:16 INFO  LogLog4j:68 - Verification - is destintion station correct: true
2017-04-30 01:44:16 INFO  LogLog4j:56 - Verification - is one way date correct: true
2017-04-30 01:44:23 INFO  LogLog4j:108 - Waiting for home page (time 50)
2017-04-30 01:44:23 INFO  LogLog4j:46 - ----Test: positiveSearchTrainsOneWayTicket: Dimona, Lod, N, 01/05/2017, 17:00
2017-04-30 01:44:23 INFO  LogLog4j:67 - Choosing Origin Station: Dimona
2017-04-30 01:44:24 INFO  LogLog4j:73 - Choosing Destination Station: Lod
2017-04-30 01:44:25 INFO  LogLog4j:79 - Filling data field for one way ticket
2017-04-30 01:44:25 INFO  LogLog4j:91 - Clicking departure or arrival check box for one way ticket: nothing
2017-04-30 01:44:25 INFO  LogLog4j:96 - Choosing departure time for one way ticket
2017-04-30 01:44:25 INFO  LogLog4j:102 - Clicking on Search button
2017-04-30 01:44:35 INFO  LogLog4j:38 - Waiting for Drive Plan - Choose Train (time 50)
2017-04-30 01:44:36 INFO  LogLog4j:45 - Is Drive Plan - Choose Train page
2017-04-30 01:44:37 INFO  LogLog4j:50 - Verification - is one way ticket: true
2017-04-30 01:44:37 INFO  LogLog4j:62 - Verification - is origin station correct: true
2017-04-30 01:44:38 INFO  LogLog4j:68 - Verification - is destintion station correct: true
2017-04-30 01:44:38 INFO  LogLog4j:56 - Verification - is one way date correct: true
2017-04-30 09:46:46 INFO  LogLog4j:108 - Waiting for home page (time 50)
2017-04-30 09:46:47 INFO  LogLog4j:46 - ----Test: positiveSearchTrainsOneWayTicket: AFULA, Ako, A, 30/04/2017, 20:00
2017-04-30 09:46:47 INFO  LogLog4j:67 - Choosing Origin Station: AFULA
2017-04-30 09:46:47 INFO  LogLog4j:73 - Choosing Destination Station: Ako
2017-04-30 09:46:48 INFO  LogLog4j:79 - Filling data field for one way ticket
2017-04-30 09:46:48 INFO  LogLog4j:91 - Clicking departure or arrival check box for one way ticket: nothing
2017-04-30 09:46:48 INFO  LogLog4j:96 - Choosing departure time for one way ticket
2017-04-30 09:46:49 INFO  LogLog4j:102 - Clicking on Search button
2017-04-30 09:46:57 INFO  LogLog4j:38 - Waiting for Drive Plan - Choose Train (time 50)
2017-04-30 09:46:57 INFO  LogLog4j:45 - Is Drive Plan - Choose Train page
2017-04-30 09:46:57 INFO  LogLog4j:50 - Verification - is one way ticket: true
2017-04-30 09:46:57 INFO  LogLog4j:62 - Verification - is origin station correct: true
2017-04-30 09:46:58 INFO  LogLog4j:68 - Verification - is destintion station correct: true
2017-04-30 09:46:58 INFO  LogLog4j:56 - Verification - is one way date correct: true
2017-04-30 09:47:04 INFO  LogLog4j:108 - Waiting for home page (time 50)
2017-04-30 09:47:04 INFO  LogLog4j:46 - ----Test: positiveSearchTrainsOneWayTicket: AFULA, Netanya, D, 01/05/2017, 10:00
2017-04-30 09:47:04 INFO  LogLog4j:67 - Choosing Origin Station: AFULA
2017-04-30 09:47:05 INFO  LogLog4j:73 - Choosing Destination Station: Netanya
2017-04-30 09:47:05 INFO  LogLog4j:79 - Filling data field for one way ticket
2017-04-30 09:47:05 INFO  LogLog4j:91 - Clicking departure or arrival check box for one way ticket: nothing
2017-04-30 09:47:05 INFO  LogLog4j:96 - Choosing departure time for one way ticket
2017-04-30 09:47:05 INFO  LogLog4j:102 - Clicking on Search button
2017-04-30 09:47:14 INFO  LogLog4j:38 - Waiting for Drive Plan - Choose Train (time 50)
2017-04-30 09:47:14 INFO  LogLog4j:45 - Is Drive Plan - Choose Train page
2017-04-30 09:47:14 INFO  LogLog4j:50 - Verification - is one way ticket: true
2017-04-30 09:47:15 INFO  LogLog4j:62 - Verification - is origin station correct: true
2017-04-30 09:47:15 INFO  LogLog4j:68 - Verification - is destintion station correct: true
2017-04-30 09:47:15 INFO  LogLog4j:56 - Verification - is one way date correct: true
2017-04-30 09:47:21 INFO  LogLog4j:108 - Waiting for home page (time 50)
2017-04-30 09:47:22 INFO  LogLog4j:46 - ----Test: positiveSearchTrainsOneWayTicket: Dimona, Lod, N, 01/05/2017, 17:00
2017-04-30 09:47:22 INFO  LogLog4j:67 - Choosing Origin Station: Dimona
2017-04-30 09:47:22 INFO  LogLog4j:73 - Choosing Destination Station: Lod
2017-04-30 09:47:22 INFO  LogLog4j:79 - Filling data field for one way ticket
2017-04-30 09:47:23 INFO  LogLog4j:91 - Clicking departure or arrival check box for one way ticket: nothing
2017-04-30 09:47:23 INFO  LogLog4j:96 - Choosing departure time for one way ticket
2017-04-30 09:47:23 INFO  LogLog4j:102 - Clicking on Search button
2017-04-30 09:47:37 INFO  LogLog4j:38 - Waiting for Drive Plan - Choose Train (time 50)
2017-04-30 09:47:37 INFO  LogLog4j:45 - Is Drive Plan - Choose Train page
2017-04-30 09:47:38 INFO  LogLog4j:50 - Verification - is one way ticket: true
2017-04-30 09:47:38 INFO  LogLog4j:62 - Verification - is origin station correct: true
2017-04-30 09:47:38 INFO  LogLog4j:68 - Verification - is destintion station correct: true
2017-04-30 09:47:39 INFO  LogLog4j:56 - Verification - is one way date correct: true
2017-04-30 11:27:35 INFO  LogLog4j:108 - Waiting for home page (time 50)
2017-04-30 11:27:37 INFO  LogLog4j:67 - ----Test: negativeSearchTrainsOneWayTicket01 - origin and destination are empty 
2017-04-30 11:27:37 INFO  LogLog4j:102 - Clicking on Search button
2017-04-30 11:27:37 INFO  LogLog4j:40 - Waiting for search trains exception is loaded (time 50)
2017-04-30 11:28:27 INFO  LogLog4j:54 - Is on search trains exception verifiction: false
2017-04-30 11:42:21 INFO  LogLog4j:108 - Waiting for home page (time 50)
2017-04-30 11:42:22 INFO  LogLog4j:67 - ----Test: negativeSearchTrainsOneWayTicket01 - origin and destination are empty 
2017-04-30 11:42:22 INFO  LogLog4j:102 - Clicking on Search button
2017-04-30 11:42:22 INFO  LogLog4j:40 - Waiting for search trains exception is loaded (time 50)
2017-04-30 11:42:22 INFO  LogLog4j:54 - Is on search trains exception verifiction: true
2017-04-30 11:42:22 INFO  LogLog4j:60 - Error summary contains 2: true
2017-04-30 11:42:23 INFO  LogLog4j:66 - Error N1 in the list contins origin: true
2017-04-30 11:42:23 INFO  LogLog4j:72 - Error N2 in the list contins destination: true
2017-04-30 11:49:51 INFO  LogLog4j:108 - Waiting for home page (time 50)
2017-04-30 11:49:52 INFO  LogLog4j:79 - ----Test: negativeSearchTrainsOneWayTicket02 - origin is empty 
2017-04-30 11:49:52 INFO  LogLog4j:73 - Choosing Destination Station: Netanya
2017-04-30 11:49:53 INFO  LogLog4j:102 - Clicking on Search button
2017-04-30 11:49:54 INFO  LogLog4j:40 - Waiting for search trains exception is loaded (time 50)
2017-04-30 11:49:54 INFO  LogLog4j:54 - Is on search trains exception verifiction: true
2017-04-30 11:49:54 INFO  LogLog4j:60 - Error summary contains 1: true
2017-04-30 11:49:54 INFO  LogLog4j:66 - Error N1 in the list contins origin: true
2017-04-30 11:50:24 INFO  LogLog4j:108 - Waiting for home page (time 50)
2017-04-30 11:50:25 INFO  LogLog4j:90 - ----Test: negativeSearchTrainsOneWayTicket03 - destintion is empty 
2017-04-30 11:50:25 INFO  LogLog4j:67 - Choosing Origin Station: Ako
2017-04-30 11:50:26 INFO  LogLog4j:102 - Clicking on Search button
2017-04-30 11:50:26 INFO  LogLog4j:40 - Waiting for search trains exception is loaded (time 50)
2017-04-30 11:50:26 INFO  LogLog4j:54 - Is on search trains exception verifiction: true
2017-04-30 11:50:26 INFO  LogLog4j:60 - Error summary contains 1: true
2017-04-30 11:50:26 INFO  LogLog4j:66 - Error N1 in the list contins destination: true
2017-04-30 14:29:19 INFO  LogLog4j:108 - Waiting for home page (time 50)
2017-04-30 14:29:20 INFO  LogLog4j:57 - ----Test: positiveApplicationLoadingTest
2017-04-30 14:29:20 INFO  LogLog4j:115 - Verification: Is on Home Page (originFields, destinationField and SearchButton elements exist)
2017-04-30 15:04:28 INFO  LogLog4j:108 - Waiting for home page (time 50)
2017-04-30 15:04:29 INFO  LogLog4j:73 - ----Test: positiveApplicationLoadingTest
2017-04-30 15:04:29 INFO  LogLog4j:115 - Verification: Is on Home Page (originFields, destinationField and SearchButton elements exist)
2017-04-30 15:27:29 INFO  LogLog4j:108 - Waiting for home page (time 50)
2017-04-30 15:27:31 INFO  LogLog4j:62 - ----Test: positiveApplicationLoadingTest
2017-04-30 15:27:31 INFO  LogLog4j:115 - Verification: Is on Home Page (originFields, destinationField and SearchButton elements exist)
2017-04-30 15:56:13 INFO  LogLog4j:110 - Waiting for home page (time 50)
2017-04-30 15:56:14 INFO  LogLog4j:69 - ----Test: positiveSearchTrainsOneWayTicket: AFULA, Ako, A, 0, 20:00
2017-04-30 15:56:14 INFO  LogLog4j:68 - Choosing Origin Station: AFULA
2017-04-30 15:56:15 INFO  LogLog4j:74 - Choosing Destination Station: Ako
2017-04-30 15:56:16 INFO  LogLog4j:80 - Filling data field for one way ticket
2017-04-30 15:56:16 INFO  LogLog4j:93 - Clicking departure or arrival check box for one way ticket: nothing
2017-04-30 15:56:17 INFO  LogLog4j:98 - Choosing departure time for one way ticket
2017-04-30 15:56:17 INFO  LogLog4j:104 - Clicking on Search button
2017-04-30 23:08:40 INFO  LogLog4j:110 - Waiting for home page (time 50)
2017-04-30 23:08:41 INFO  LogLog4j:70 - ----Test: positiveSearchTrainsOneWayTicket: AFULA, Ako, A, 1, 20:00
2017-04-30 23:08:41 INFO  LogLog4j:68 - Choosing Origin Station: AFULA
2017-04-30 23:08:42 INFO  LogLog4j:74 - Choosing Destination Station: Ako
2017-04-30 23:08:43 INFO  LogLog4j:80 - Filling data field for one way ticket
2017-04-30 23:08:44 INFO  LogLog4j:93 - Clicking departure or arrival check box for one way ticket: nothing
2017-04-30 23:08:44 INFO  LogLog4j:98 - Choosing departure time for one way ticket
2017-04-30 23:08:44 INFO  LogLog4j:104 - Clicking on Search button
2017-04-30 23:08:57 INFO  LogLog4j:39 - Waiting for Drive Plan - Choose Train (time 50)
2017-04-30 23:08:57 INFO  LogLog4j:46 - Is Drive Plan - Choose Train page
2017-04-30 23:08:58 INFO  LogLog4j:51 - Verification - is one way ticket: true
2017-04-30 23:08:58 INFO  LogLog4j:64 - Verification - is origin station correct: true
2017-04-30 23:08:58 INFO  LogLog4j:70 - Verification - is destintion station correct: true
2017-04-30 23:08:59 INFO  LogLog4j:58 - Verification - is one way date correct: true
2017-04-30 23:09:06 INFO  LogLog4j:110 - Waiting for home page (time 50)
2017-04-30 23:09:07 INFO  LogLog4j:70 - ----Test: positiveSearchTrainsOneWayTicket: AFULA, Netanya, D, 1, 10:00
2017-04-30 23:09:07 INFO  LogLog4j:68 - Choosing Origin Station: AFULA
2017-04-30 23:09:08 INFO  LogLog4j:74 - Choosing Destination Station: Netanya
2017-04-30 23:09:08 INFO  LogLog4j:80 - Filling data field for one way ticket
2017-04-30 23:09:09 INFO  LogLog4j:93 - Clicking departure or arrival check box for one way ticket: nothing
2017-04-30 23:09:09 INFO  LogLog4j:98 - Choosing departure time for one way ticket
2017-04-30 23:09:10 INFO  LogLog4j:104 - Clicking on Search button
2017-04-30 23:09:25 INFO  LogLog4j:39 - Waiting for Drive Plan - Choose Train (time 50)
2017-04-30 23:09:26 INFO  LogLog4j:46 - Is Drive Plan - Choose Train page
2017-04-30 23:09:26 INFO  LogLog4j:51 - Verification - is one way ticket: true
2017-04-30 23:09:27 INFO  LogLog4j:64 - Verification - is origin station correct: true
2017-04-30 23:09:27 INFO  LogLog4j:70 - Verification - is destintion station correct: true
2017-04-30 23:09:27 INFO  LogLog4j:58 - Verification - is one way date correct: false
2017-04-30 23:09:34 INFO  LogLog4j:110 - Waiting for home page (time 50)
2017-04-30 23:09:35 INFO  LogLog4j:70 - ----Test: positiveSearchTrainsOneWayTicket: Dimona, Lod, N, 2, 17:00
2017-04-30 23:09:35 INFO  LogLog4j:68 - Choosing Origin Station: Dimona
2017-04-30 23:09:35 INFO  LogLog4j:74 - Choosing Destination Station: Lod
2017-04-30 23:09:36 INFO  LogLog4j:80 - Filling data field for one way ticket
2017-04-30 23:09:37 INFO  LogLog4j:93 - Clicking departure or arrival check box for one way ticket: nothing
2017-04-30 23:09:37 INFO  LogLog4j:98 - Choosing departure time for one way ticket
2017-04-30 23:09:38 INFO  LogLog4j:104 - Clicking on Search button
2017-04-30 23:09:50 INFO  LogLog4j:39 - Waiting for Drive Plan - Choose Train (time 50)
2017-04-30 23:09:50 INFO  LogLog4j:46 - Is Drive Plan - Choose Train page
2017-04-30 23:09:51 INFO  LogLog4j:51 - Verification - is one way ticket: true
2017-04-30 23:09:51 INFO  LogLog4j:64 - Verification - is origin station correct: true
2017-04-30 23:09:51 INFO  LogLog4j:70 - Verification - is destintion station correct: true
2017-04-30 23:09:52 INFO  LogLog4j:58 - Verification - is one way date correct: false
2017-04-30 23:12:48 INFO  LogLog4j:110 - Waiting for home page (time 50)
2017-04-30 23:12:49 INFO  LogLog4j:70 - ----Test: positiveSearchTrainsOneWayTicket: AFULA, Ako, A, 1, 20:00
2017-04-30 23:12:49 INFO  LogLog4j:68 - Choosing Origin Station: AFULA
2017-04-30 23:12:50 INFO  LogLog4j:74 - Choosing Destination Station: Ako
2017-04-30 23:12:51 INFO  LogLog4j:80 - Filling data field for one way ticket
2017-04-30 23:12:51 INFO  LogLog4j:93 - Clicking departure or arrival check box for one way ticket: nothing
2017-04-30 23:12:51 INFO  LogLog4j:98 - Choosing departure time for one way ticket
2017-04-30 23:12:52 INFO  LogLog4j:104 - Clicking on Search button
2017-04-30 23:13:02 INFO  LogLog4j:39 - Waiting for Drive Plan - Choose Train (time 50)
2017-04-30 23:13:03 INFO  LogLog4j:46 - Is Drive Plan - Choose Train page
2017-04-30 23:13:04 INFO  LogLog4j:51 - Verification - is one way ticket: true
2017-04-30 23:13:04 INFO  LogLog4j:64 - Verification - is origin station correct: true
2017-04-30 23:13:04 INFO  LogLog4j:70 - Verification - is destintion station correct: true
2017-04-30 23:13:04 INFO  LogLog4j:58 - Verification - is one way date correct: true
2017-04-30 23:13:12 INFO  LogLog4j:110 - Waiting for home page (time 50)
2017-04-30 23:13:12 INFO  LogLog4j:70 - ----Test: positiveSearchTrainsOneWayTicket: AFULA, Netanya, D, 1, 10:00
2017-04-30 23:13:12 INFO  LogLog4j:68 - Choosing Origin Station: AFULA
2017-04-30 23:13:13 INFO  LogLog4j:74 - Choosing Destination Station: Netanya
2017-04-30 23:13:14 INFO  LogLog4j:80 - Filling data field for one way ticket
2017-04-30 23:13:15 INFO  LogLog4j:93 - Clicking departure or arrival check box for one way ticket: nothing
2017-04-30 23:13:15 INFO  LogLog4j:98 - Choosing departure time for one way ticket
2017-04-30 23:13:15 INFO  LogLog4j:104 - Clicking on Search button
2017-04-30 23:13:26 INFO  LogLog4j:39 - Waiting for Drive Plan - Choose Train (time 50)
2017-04-30 23:13:27 INFO  LogLog4j:46 - Is Drive Plan - Choose Train page
2017-04-30 23:13:27 INFO  LogLog4j:51 - Verification - is one way ticket: true
2017-04-30 23:13:27 INFO  LogLog4j:64 - Verification - is origin station correct: true
2017-04-30 23:13:28 INFO  LogLog4j:70 - Verification - is destintion station correct: true
2017-04-30 23:13:28 INFO  LogLog4j:58 - Verification - is one way date correct: true
2017-04-30 23:13:35 INFO  LogLog4j:110 - Waiting for home page (time 50)
2017-04-30 23:13:36 INFO  LogLog4j:70 - ----Test: positiveSearchTrainsOneWayTicket: Dimona, Lod, N, 2, 17:00
2017-04-30 23:13:36 INFO  LogLog4j:68 - Choosing Origin Station: Dimona
2017-04-30 23:13:36 INFO  LogLog4j:74 - Choosing Destination Station: Lod
2017-04-30 23:13:37 INFO  LogLog4j:80 - Filling data field for one way ticket
2017-04-30 23:13:38 INFO  LogLog4j:93 - Clicking departure or arrival check box for one way ticket: nothing
2017-04-30 23:13:38 INFO  LogLog4j:98 - Choosing departure time for one way ticket
2017-04-30 23:13:38 INFO  LogLog4j:104 - Clicking on Search button
2017-04-30 23:13:49 INFO  LogLog4j:39 - Waiting for Drive Plan - Choose Train (time 50)
2017-04-30 23:13:50 INFO  LogLog4j:46 - Is Drive Plan - Choose Train page
2017-04-30 23:13:50 INFO  LogLog4j:51 - Verification - is one way ticket: true
2017-04-30 23:13:50 INFO  LogLog4j:64 - Verification - is origin station correct: true
2017-04-30 23:13:50 INFO  LogLog4j:70 - Verification - is destintion station correct: true
2017-04-30 23:13:51 INFO  LogLog4j:58 - Verification - is one way date correct: true
2017-04-30 23:14:32 INFO  LogLog4j:110 - Waiting for home page (time 50)
2017-04-30 23:14:33 INFO  LogLog4j:70 - ----Test: positiveSearchTrainsOneWayTicket: AFULA, Ako, A, 0, 20:00
2017-04-30 23:14:33 INFO  LogLog4j:68 - Choosing Origin Station: AFULA
2017-04-30 23:14:34 INFO  LogLog4j:74 - Choosing Destination Station: Ako
2017-04-30 23:14:35 INFO  LogLog4j:80 - Filling data field for one way ticket
2017-04-30 23:14:36 INFO  LogLog4j:93 - Clicking departure or arrival check box for one way ticket: nothing
2017-04-30 23:14:36 INFO  LogLog4j:98 - Choosing departure time for one way ticket
2017-04-30 23:14:36 INFO  LogLog4j:104 - Clicking on Search button
2017-04-30 23:14:48 INFO  LogLog4j:39 - Waiting for Drive Plan - Choose Train (time 50)
2017-04-30 23:14:49 INFO  LogLog4j:46 - Is Drive Plan - Choose Train page
2017-04-30 23:14:50 INFO  LogLog4j:51 - Verification - is one way ticket: true
2017-04-30 23:14:50 INFO  LogLog4j:64 - Verification - is origin station correct: true
2017-04-30 23:14:50 INFO  LogLog4j:70 - Verification - is destintion station correct: true
2017-04-30 23:14:50 INFO  LogLog4j:58 - Verification - is one way date correct: true
2017-04-30 23:14:57 INFO  LogLog4j:110 - Waiting for home page (time 50)
2017-04-30 23:14:58 INFO  LogLog4j:70 - ----Test: positiveSearchTrainsOneWayTicket: AFULA, Netanya, D, 1, 10:00
2017-04-30 23:14:58 INFO  LogLog4j:68 - Choosing Origin Station: AFULA
2017-04-30 23:14:58 INFO  LogLog4j:74 - Choosing Destination Station: Netanya
2017-04-30 23:14:59 INFO  LogLog4j:80 - Filling data field for one way ticket
2017-04-30 23:14:59 INFO  LogLog4j:93 - Clicking departure or arrival check box for one way ticket: nothing
2017-04-30 23:14:59 INFO  LogLog4j:98 - Choosing departure time for one way ticket
2017-04-30 23:15:00 INFO  LogLog4j:104 - Clicking on Search button
2017-04-30 23:15:08 INFO  LogLog4j:39 - Waiting for Drive Plan - Choose Train (time 50)
2017-04-30 23:15:09 INFO  LogLog4j:46 - Is Drive Plan - Choose Train page
2017-04-30 23:15:09 INFO  LogLog4j:51 - Verification - is one way ticket: true
2017-04-30 23:15:09 INFO  LogLog4j:64 - Verification - is origin station correct: true
2017-04-30 23:15:10 INFO  LogLog4j:70 - Verification - is destintion station correct: true
2017-04-30 23:15:10 INFO  LogLog4j:58 - Verification - is one way date correct: true
2017-04-30 23:15:18 INFO  LogLog4j:110 - Waiting for home page (time 50)
2017-04-30 23:15:18 INFO  LogLog4j:70 - ----Test: positiveSearchTrainsOneWayTicket: Dimona, Lod, N, 2, 17:00
2017-04-30 23:15:18 INFO  LogLog4j:68 - Choosing Origin Station: Dimona
2017-04-30 23:15:19 INFO  LogLog4j:74 - Choosing Destination Station: Lod
2017-04-30 23:15:20 INFO  LogLog4j:80 - Filling data field for one way ticket
2017-04-30 23:15:21 INFO  LogLog4j:93 - Clicking departure or arrival check box for one way ticket: nothing
2017-04-30 23:15:21 INFO  LogLog4j:98 - Choosing departure time for one way ticket
2017-04-30 23:15:21 INFO  LogLog4j:104 - Clicking on Search button
2017-04-30 23:15:29 INFO  LogLog4j:39 - Waiting for Drive Plan - Choose Train (time 50)
2017-04-30 23:15:30 INFO  LogLog4j:46 - Is Drive Plan - Choose Train page
2017-04-30 23:15:30 INFO  LogLog4j:51 - Verification - is one way ticket: true
2017-04-30 23:15:31 INFO  LogLog4j:64 - Verification - is origin station correct: true
2017-04-30 23:15:31 INFO  LogLog4j:70 - Verification - is destintion station correct: true
2017-04-30 23:15:31 INFO  LogLog4j:58 - Verification - is one way date correct: true
2017-04-30 23:16:45 INFO  LogLog4j:110 - Waiting for home page (time 50)
2017-04-30 23:16:46 INFO  LogLog4j:70 - ----Test: positiveSearchTrainsOneWayTicket: AFULA, Ako, A, 0, 20:00
2017-04-30 23:16:46 INFO  LogLog4j:68 - Choosing Origin Station: AFULA
2017-04-30 23:16:47 INFO  LogLog4j:74 - Choosing Destination Station: Ako
2017-04-30 23:16:48 INFO  LogLog4j:80 - Filling data field for one way ticket
2017-04-30 23:16:48 INFO  LogLog4j:93 - Clicking departure or arrival check box for one way ticket: nothing
2017-04-30 23:16:48 INFO  LogLog4j:98 - Choosing departure time for one way ticket
2017-04-30 23:16:49 INFO  LogLog4j:104 - Clicking on Search button
2017-04-30 23:17:00 INFO  LogLog4j:39 - Waiting for Drive Plan - Choose Train (time 50)
2017-04-30 23:17:00 INFO  LogLog4j:46 - Is Drive Plan - Choose Train page
2017-04-30 23:17:01 INFO  LogLog4j:51 - Verification - is one way ticket: true
2017-04-30 23:17:01 INFO  LogLog4j:64 - Verification - is origin station correct: true
2017-04-30 23:17:01 INFO  LogLog4j:70 - Verification - is destintion station correct: true
2017-04-30 23:17:02 INFO  LogLog4j:58 - Verification - is one way date correct: true
2017-04-30 23:17:08 INFO  LogLog4j:110 - Waiting for home page (time 50)
2017-04-30 23:17:09 INFO  LogLog4j:70 - ----Test: positiveSearchTrainsOneWayTicket: AFULA, Netanya, D, 1, 10:00
2017-04-30 23:17:09 INFO  LogLog4j:68 - Choosing Origin Station: AFULA
2017-04-30 23:17:10 INFO  LogLog4j:74 - Choosing Destination Station: Netanya
2017-04-30 23:17:11 INFO  LogLog4j:80 - Filling data field for one way ticket
2017-04-30 23:17:12 INFO  LogLog4j:93 - Clicking departure or arrival check box for one way ticket: nothing
2017-04-30 23:17:12 INFO  LogLog4j:98 - Choosing departure time for one way ticket
2017-04-30 23:17:12 INFO  LogLog4j:104 - Clicking on Search button
2017-04-30 23:17:21 INFO  LogLog4j:39 - Waiting for Drive Plan - Choose Train (time 50)
2017-04-30 23:17:22 INFO  LogLog4j:46 - Is Drive Plan - Choose Train page
2017-04-30 23:17:22 INFO  LogLog4j:51 - Verification - is one way ticket: true
2017-04-30 23:17:22 INFO  LogLog4j:64 - Verification - is origin station correct: true
2017-04-30 23:17:23 INFO  LogLog4j:70 - Verification - is destintion station correct: true
2017-04-30 23:17:23 INFO  LogLog4j:58 - Verification - is one way date correct: true
2017-04-30 23:17:32 INFO  LogLog4j:110 - Waiting for home page (time 50)
2017-04-30 23:17:33 INFO  LogLog4j:70 - ----Test: positiveSearchTrainsOneWayTicket: Dimona, Lod, N, -2, 17:00
2017-04-30 23:17:33 INFO  LogLog4j:68 - Choosing Origin Station: Dimona
2017-04-30 23:17:34 INFO  LogLog4j:74 - Choosing Destination Station: Lod
2017-04-30 23:17:34 INFO  LogLog4j:80 - Filling data field for one way ticket
2017-04-30 23:17:35 INFO  LogLog4j:93 - Clicking departure or arrival check box for one way ticket: nothing
2017-04-30 23:17:35 INFO  LogLog4j:98 - Choosing departure time for one way ticket
2017-04-30 23:17:35 INFO  LogLog4j:104 - Clicking on Search button
2017-04-30 23:17:36 INFO  LogLog4j:39 - Waiting for Drive Plan - Choose Train (time 50)
2017-04-30 23:19:16 INFO  LogLog4j:46 - Is Drive Plan - Choose Train page
2017-05-01 10:37:09 INFO  LogLog4j:110 - Waiting for home page (time 50)
2017-05-01 10:37:10 INFO  LogLog4j:112 - ----Test: negativeSearchTrainsOneWayTicket03 - destintion is empty 
2017-05-01 10:37:10 INFO  LogLog4j:68 - Choosing Origin Station: Ako
2017-05-01 10:37:11 INFO  LogLog4j:104 - Clicking on Search button
2017-05-01 10:37:11 INFO  LogLog4j:40 - Waiting for search trains exception is loaded (time 50)
2017-05-01 10:37:12 INFO  LogLog4j:54 - Is on search trains exception verifiction: true
2017-05-01 10:37:12 INFO  LogLog4j:60 - Error summary contains 1: true
2017-05-01 10:37:12 INFO  LogLog4j:66 - Error N1 in the list contins destination: true
